<?xml version="1.0" encoding="UTF-8"?>
<!-- Generated by org.testng.reporters.JUnitXMLReporter -->
<testsuite hostname="DESKTOP-A7L5GQS" ignored="0" name="Default test" tests="3" failures="0" timestamp="28 Jul 2018 20:29:42 GMT" time="8.174" errors="0">
  <testcase name="getExcelData" time="0.604" classname="com.regression.WebTableWithTestNG"/>
  <testcase name="getWebTableData" time="3.552" classname="com.regression.WebTableWithTestNG"/>
  <testcase name="validation" time="0.002" classname="com.regression.WebTableWithTestNG"/>
</testsuite> <!-- Default test -->
