<?xml version="1.0" encoding="UTF-8"?>
<!-- Generated by org.testng.reporters.JUnitXMLReporter -->
<testsuite hostname="DESKTOP-A7L5GQS" ignored="0" name="Test 1001" tests="3" failures="0" timestamp="31 Jul 2018 04:11:39 GMT" time="57.979" errors="0">
  <testcase name="getExcelData" time="2.63" classname="com.regression.WebTableWithTestNG"/>
  <testcase name="getWebTableData" time="29.667" classname="com.regression.WebTableWithTestNG"/>
  <testcase name="validation" time="0.01" classname="com.regression.WebTableWithTestNG"/>
</testsuite> <!-- Test 1001 -->
