<?xml version="1.0" encoding="UTF-8"?>
<!-- Generated by org.testng.reporters.JUnitXMLReporter -->
<testsuite hostname="DESKTOP-A7L5GQS" ignored="0" name="Test 1036" tests="3" failures="0" timestamp="31 Jul 2018 04:11:39 GMT" time="57.945" errors="0">
  <testcase name="getExcelData" time="3.74" classname="com.regression.WebTableWithTestNG"/>
  <testcase name="getWebTableData" time="29.384" classname="com.regression.WebTableWithTestNG"/>
  <testcase name="validation" time="0.003" classname="com.regression.WebTableWithTestNG"/>
</testsuite> <!-- Test 1036 -->
